2025-12-18 23:03:02 INFO TalentoTech: Completando con los datos de usuario
2025-12-18 23:03:02 INFO TalentoTech: verficando redireccionamiento dentro de la pagina
2025-12-18 23:03:02 INFO TalentoTech: test de login completado
2025-12-18 23:03:12 INFO TalentoTech: Completando con los datos de usuario
2025-12-18 23:03:12 INFO TalentoTech: Test de login fallido completado con exito
2025-12-19 02:41:46 INFO TalentoTech: Relizando la solitud GET a https://reqres.in/api/users 
2025-12-19 02:41:47 INFO TalentoTech: Status code: 401
2025-12-19 02:45:03 INFO TalentoTech: Relizando la solitud GET a https://reqres.in/api/users 
2025-12-19 02:45:04 INFO TalentoTech: Status code: 401
2025-12-19 02:46:06 INFO TalentoTech: Relizando la solitud GET a https://reqres.in/api/users 
2025-12-19 02:46:07 INFO TalentoTech: Status code: 401
2025-12-19 02:55:13 INFO TalentoTech: Relizando la solitud GET a https://reqres.in/api/users 
2025-12-19 02:55:14 INFO TalentoTech: Status code: 401
2025-12-19 02:56:21 INFO TalentoTech: Relizando la solitud GET a https://reqres.in/api/users 
2025-12-19 02:56:23 INFO TalentoTech: Status code: 401
2025-12-19 03:03:58 INFO TalentoTech: Relizando la solitud GET a https://reqres.in/api/users 
2025-12-19 03:03:59 INFO TalentoTech: Status code: 401
2025-12-19 03:10:11 INFO TalentoTech: Relizando la solitud GET a https://reqres.in/api/users 
2025-12-19 03:10:12 INFO TalentoTech: Status code: 401
2025-12-19 03:15:29 INFO TalentoTech: Relizando la solitud GET a https://reqres.in/api/users 
2025-12-19 03:15:30 INFO TalentoTech: Status code: 401
2025-12-19 03:15:30 INFO TalentoTech: Validando el id dentro del usuario
2025-12-19 03:17:01 INFO TalentoTech: Relizando la solitud GET a https://reqres.in/api/users 
2025-12-19 03:17:02 INFO TalentoTech: Status code: 401
2025-12-19 03:21:07 INFO TalentoTech: Relizando la solitud GET a https://reqres.in/api/users 
2025-12-19 03:21:08 INFO TalentoTech: Status code: 401
2025-12-19 03:31:00 INFO TalentoTech: Relizando la solitud GET a https://reqres.in/api/users 
2025-12-19 03:31:01 INFO TalentoTech: Status code: 401
2025-12-19 03:33:49 INFO TalentoTech: Realizando la solicitud GET a https://reqres.in/api/users/2
2025-12-19 03:33:50 INFO TalentoTech: Status code: 403
2025-12-19 12:33:37 INFO TalentoTech: Relizando la solitud GET a https://reqres.in/api/users 
2025-12-19 12:33:38 INFO TalentoTech: Status code: 401
2025-12-19 12:43:47 INFO TalentoTech: Relizando la solitud GET a https://reqres.in/api/users 
2025-12-19 12:43:49 INFO TalentoTech: Status code: 401
2025-12-19 15:21:09 INFO TalentoTech: Completando con los datos de usuario
2025-12-19 15:21:12 INFO TalentoTech: verficando redireccionamiento dentro de la pagina
2025-12-19 15:21:12 INFO TalentoTech: test de login completado
2025-12-19 15:21:20 INFO TalentoTech: Completando con los datos de usuario
2025-12-19 15:21:22 INFO TalentoTech: Test de login fallido completado con exito
2025-12-19 15:22:27 INFO TalentoTech: Relizando la solitud GET a https://reqres.in/api/users 
2025-12-19 15:22:28 INFO TalentoTech: Status code: 200
2025-12-19 15:22:28 INFO TalentoTech: Validando el id dentro del usuario
